15-05-2023 15:50:57 [main] INFO  c.n.v.VacationCalculateApplication - Starting VacationCalculateApplication using Java 15 on DESKTOP-83K7SV3 with PID 7292 (C:\Games\VacationCalculate\target\classes started by User in C:\Games\VacationCalculate)
15-05-2023 15:50:57 [main] INFO  c.n.v.VacationCalculateApplication - No active profile set, falling back to 1 default profile: "default"
15-05-2023 15:50:58 [main] INFO  o.s.b.w.e.tomcat.TomcatWebServer - Tomcat initialized with port(s): 8080 (http)
15-05-2023 15:50:58 [main] INFO  o.a.catalina.core.StandardService - Starting service [Tomcat]
15-05-2023 15:50:58 [main] INFO  o.a.catalina.core.StandardEngine - Starting Servlet engine: [Apache Tomcat/9.0.69]
15-05-2023 15:50:58 [main] INFO  o.a.c.c.C.[Tomcat].[localhost].[/] - Initializing Spring embedded WebApplicationContext
15-05-2023 15:50:58 [main] INFO  o.s.b.w.s.c.ServletWebServerApplicationContext - Root WebApplicationContext: initialization completed in 843 ms
15-05-2023 15:50:58 [main] INFO  o.s.b.w.e.tomcat.TomcatWebServer - Tomcat started on port(s): 8080 (http) with context path ''
15-05-2023 15:50:58 [main] INFO  c.n.v.VacationCalculateApplication - Started VacationCalculateApplication in 1.598 seconds (JVM running for 2.252)
15-05-2023 15:51:08 [main] INFO  c.n.v.VacationCalculateApplication - Starting VacationCalculateApplication using Java 15 on DESKTOP-83K7SV3 with PID 13896 (C:\Games\VacationCalculate\target\classes started by User in C:\Games\VacationCalculate)
15-05-2023 15:51:08 [main] INFO  c.n.v.VacationCalculateApplication - No active profile set, falling back to 1 default profile: "default"
15-05-2023 15:51:09 [main] INFO  o.s.b.w.e.tomcat.TomcatWebServer - Tomcat initialized with port(s): 8080 (http)
15-05-2023 15:51:09 [main] INFO  o.a.catalina.core.StandardService - Starting service [Tomcat]
15-05-2023 15:51:09 [main] INFO  o.a.catalina.core.StandardEngine - Starting Servlet engine: [Apache Tomcat/9.0.69]
15-05-2023 15:51:09 [main] INFO  o.a.c.c.C.[Tomcat].[localhost].[/] - Initializing Spring embedded WebApplicationContext
15-05-2023 15:51:09 [main] INFO  o.s.b.w.s.c.ServletWebServerApplicationContext - Root WebApplicationContext: initialization completed in 865 ms
15-05-2023 15:51:09 [main] INFO  o.s.b.w.e.tomcat.TomcatWebServer - Tomcat started on port(s): 8080 (http) with context path ''
15-05-2023 15:51:09 [main] INFO  c.n.v.VacationCalculateApplication - Started VacationCalculateApplication in 1.68 seconds (JVM running for 2.338)
15-05-2023 15:51:26 [http-nio-8080-exec-1] INFO  o.a.c.c.C.[Tomcat].[localhost].[/] - Initializing Spring DispatcherServlet 'dispatcherServlet'
15-05-2023 15:51:26 [http-nio-8080-exec-1] INFO  c.n.vacationcalclate.api.VacationApi - Received an average salary 50000
15-05-2023 15:51:26 [http-nio-8080-exec-1] INFO  c.n.vacationcalclate.api.VacationApi - Received an duration of vacation 14
15-05-2023 15:51:26 [http-nio-8080-exec-1] INFO  c.n.vacationcalclate.api.VacationApi - The amount of vacation pay 23890.78
15-05-2023 16:29:25 [main] INFO  c.n.v.VacationCalculateApplication - Starting VacationCalculateApplication using Java 15 on DESKTOP-83K7SV3 with PID 9220 (C:\Games\VacationCalculate\target\classes started by User in C:\Games\VacationCalculate)
15-05-2023 16:29:25 [main] INFO  c.n.v.VacationCalculateApplication - No active profile set, falling back to 1 default profile: "default"
15-05-2023 16:29:26 [main] INFO  o.s.b.w.e.tomcat.TomcatWebServer - Tomcat initialized with port(s): 8080 (http)
15-05-2023 16:29:26 [main] INFO  o.a.catalina.core.StandardService - Starting service [Tomcat]
15-05-2023 16:29:26 [main] INFO  o.a.catalina.core.StandardEngine - Starting Servlet engine: [Apache Tomcat/9.0.69]
15-05-2023 16:29:26 [main] INFO  o.a.c.c.C.[Tomcat].[localhost].[/] - Initializing Spring embedded WebApplicationContext
15-05-2023 16:29:26 [main] INFO  o.s.b.w.s.c.ServletWebServerApplicationContext - Root WebApplicationContext: initialization completed in 887 ms
15-05-2023 16:29:26 [main] INFO  o.s.b.w.e.tomcat.TomcatWebServer - Tomcat started on port(s): 8080 (http) with context path ''
15-05-2023 16:29:26 [main] INFO  c.n.v.VacationCalculateApplication - Started VacationCalculateApplication in 1.741 seconds (JVM running for 2.526)
